  test.c
C:\Users\Administrator\source\repos\test_4_14\test.c(108,24): error C2105: “++”需要左值
C:\Users\Administrator\source\repos\test_4_14\test.c(108,9): warning C4477: “printf”: 格式字符串“%s”需要类型“char *”的参数，但可变参数 1 拥有了类型“char **”
C:\Users\Administrator\source\repos\test_4_14\test.c(109,27): error C2105: “++”需要左值
C:\Users\Administrator\source\repos\test_4_14\test.c(109,9): warning C4477: “printf”: 格式字符串“%s”需要类型“char *”的参数，但可变参数 1 拥有了类型“char **”
C:\Users\Administrator\source\repos\test_4_14\test.c(110,9): warning C4477: “printf”: 格式字符串“%s”需要类型“char *”的参数，但可变参数 1 拥有了类型“char **”
C:\Users\Administrator\source\repos\test_4_14\test.c(111,9): warning C4477: “printf”: 格式字符串“%s”需要类型“char *”的参数，但可变参数 1 拥有了类型“char **”
C:\Users\Administrator\source\repos\test_4_14\test.c(106,1): error C2075: “cpp”: 初始化需要带括号的初始值设定项列表
