  game.c
  test1.c
  正在生成代码...
test_4_6.obj : error LNK2005: _main 已经在 test1.obj 中定义
C:\Users\Administrator\source\repos\test_4_6\Debug\test_4_6.exe : fatal error LNK1169: 找到一个或多个多重定义的符号
